<?xml version="1.0" encoding="UTF-8"?>
<testsuite name="com.api.contacts.ContactsApplicationTests" tests="1" skipped="0" failures="0" errors="0" timestamp="2022-07-12T21:07:11" hostname="LATAM-G2WBLG3" time="0.087">
  <properties/>
  <testcase name="contextLoads()" classname="com.api.contacts.ContactsApplicationTests" time="0.087"/>
  <system-out><![CDATA[16:07:08.255 [Test worker] DEBUG org.springframework.test.context.BootstrapUtils - Instantiating CacheAwareContextLoaderDelegate from class [org.springframework.test.context.cache.DefaultCacheAwareContextLoaderDelegate]
16:07:08.263 [Test worker] DEBUG org.springframework.test.context.BootstrapUtils - Instantiating BootstrapContext using constructor [public org.springframework.test.context.support.DefaultBootstrapContext(java.lang.Class,org.springframework.test.context.CacheAwareContextLoaderDelegate)]
16:07:08.286 [Test worker] DEBUG org.springframework.test.context.BootstrapUtils - Instantiating TestContextBootstrapper for test class [com.api.contacts.ContactsApplicationTests] from class [org.springframework.boot.test.context.SpringBootTestContextBootstrapper]
16:07:08.293 [Test worker] INFO org.springframework.boot.test.context.SpringBootTestContextBootstrapper - Neither @ContextConfiguration nor @ContextHierarchy found for test class [com.api.contacts.ContactsApplicationTests], using SpringBootContextLoader
16:07:08.296 [Test worker] DEBUG org.springframework.test.context.support.AbstractContextLoader - Did not detect default resource location for test class [com.api.contacts.ContactsApplicationTests]: class path resource [com/api/contacts/ContactsApplicationTests-context.xml] does not exist
16:07:08.296 [Test worker] DEBUG org.springframework.test.context.support.AbstractContextLoader - Did not detect default resource location for test class [com.api.contacts.ContactsApplicationTests]: class path resource [com/api/contacts/ContactsApplicationTestsContext.groovy] does not exist
16:07:08.297 [Test worker] INFO org.springframework.test.context.support.AbstractContextLoader - Could not detect default resource locations for test class [com.api.contacts.ContactsApplicationTests]: no resource found for suffixes {-context.xml, Context.groovy}.
16:07:08.297 [Test worker] INFO org.springframework.test.context.support.AnnotationConfigContextLoaderUtils - Could not detect default configuration classes for test class [com.api.contacts.ContactsApplicationTests]: ContactsApplicationTests does not declare any static, non-private, non-final, nested classes annotated with @Configuration.
16:07:08.324 [Test worker] DEBUG org.springframework.test.context.support.ActiveProfilesUtils - Could not find an 'annotation declaring class' for annotation type [org.springframework.test.context.ActiveProfiles] and class [com.api.contacts.ContactsApplicationTests]
16:07:08.362 [Test worker] DEBUG org.springframework.context.annotation.ClassPathScanningCandidateComponentProvider - Identified candidate component class: file [C:\Users\cristian.cobor\Desktop\projects\contacts-api-project\contacts-api\build\classes\java\main\com\api\contacts\ContactsApplication.class]
16:07:08.363 [Test worker] INFO org.springframework.boot.test.context.SpringBootTestContextBootstrapper - Found @SpringBootConfiguration com.api.contacts.ContactsApplication for test class com.api.contacts.ContactsApplicationTests
16:07:08.430 [Test worker] DEBUG org.springframework.boot.test.context.SpringBootTestContextBootstrapper - @TestExecutionListeners is not present for class [com.api.contacts.ContactsApplicationTests]: using defaults.
16:07:08.430 [Test worker] INFO org.springframework.boot.test.context.SpringBootTestContextBootstrapper - Loaded default TestExecutionListener class names from location [META-INF/spring.factories]: [org.springframework.boot.test.autoconfigure.restdocs.RestDocsTestExecutionListener, org.springframework.boot.test.autoconfigure.web.client.MockRestServiceServerResetTestExecutionListener, org.springframework.boot.test.autoconfigure.web.servlet.MockMvcPrintOnlyOnFailureTestExecutionListener, org.springframework.boot.test.autoconfigure.web.servlet.WebDriverTestExecutionListener, org.springframework.boot.test.autoconfigure.webservices.client.MockWebServiceServerTestExecutionListener, org.springframework.boot.test.mock.mockito.MockitoTestExecutionListener, org.springframework.boot.test.mock.mockito.ResetMocksTestExecutionListener, org.springframework.test.context.web.ServletTestExecutionListener, org.springframework.test.context.support.DirtiesContextBeforeModesTestExecutionListener, org.springframework.test.context.event.ApplicationEventsTestExecutionListener, org.springframework.test.context.support.DependencyInjectionTestExecutionListener, org.springframework.test.context.support.DirtiesContextTestExecutionListener, org.springframework.test.context.transaction.TransactionalTestExecutionListener, org.springframework.test.context.jdbc.SqlScriptsTestExecutionListener, org.springframework.test.context.event.EventPublishingTestExecutionListener]
16:07:08.441 [Test worker] INFO org.springframework.boot.test.context.SpringBootTestContextBootstrapper - Using TestExecutionListeners: [org.springframework.test.context.web.ServletTestExecutionListener@6ab72419, org.springframework.test.context.support.DirtiesContextBeforeModesTestExecutionListener@3aacf32a, org.springframework.test.context.event.ApplicationEventsTestExecutionListener@4fdfa676, org.springframework.boot.test.mock.mockito.MockitoTestExecutionListener@82c57b3, org.springframework.boot.test.autoconfigure.SpringBootDependencyInjectionTestExecutionListener@5be82d43, org.springframework.test.context.support.DirtiesContextTestExecutionListener@600b0b7, org.springframework.test.context.transaction.TransactionalTestExecutionListener@345e5a17, org.springframework.test.context.jdbc.SqlScriptsTestExecutionListener@5ea502e0, org.springframework.test.context.event.EventPublishingTestExecutionListener@443dbe42, org.springframework.boot.test.autoconfigure.restdocs.RestDocsTestExecutionListener@473b3b7a, org.springframework.boot.test.autoconfigure.web.client.MockRestServiceServerResetTestExecutionListener@1734f68, org.springframework.boot.test.autoconfigure.web.servlet.MockMvcPrintOnlyOnFailureTestExecutionListener@77b7ffa4, org.springframework.boot.test.autoconfigure.web.servlet.WebDriverTestExecutionListener@5ed190be, org.springframework.boot.test.autoconfigure.webservices.client.MockWebServiceServerTestExecutionListener@402f80f5, org.springframework.boot.test.mock.mockito.ResetMocksTestExecutionListener@5bbc9f97]
16:07:08.451 [Test worker] DEBUG org.springframework.test.context.support.AbstractDirtiesContextTestExecutionListener - Before test class: context [DefaultTestContext@7db0565c testClass = ContactsApplicationTests, testInstance = [null], testMethod = [null], testException = [null], mergedContextConfiguration = [WebMergedContextConfiguration@54ec8cc9 testClass = ContactsApplicationTests, locations = '{}', classes = '{class com.api.contacts.ContactsApplication}', contextInitializerClasses = '[]', activeProfiles = '{}', propertySourceLocations = '{}', propertySourceProperties = '{org.springframework.boot.test.context.SpringBootTestContextBootstrapper=true}', contextCustomizers = set[org.springframework.boot.test.autoconfigure.actuate.metrics.MetricsExportContextCustomizerFactory$DisableMetricExportContextCustomizer@40f70521, org.springframework.boot.test.autoconfigure.properties.PropertyMappingContextCustomizer@0, org.springframework.boot.test.autoconfigure.web.servlet.WebDriverContextCustomizerFactory$Customizer@5d2a4eed, org.springframework.boot.test.context.filter.ExcludeFilterContextCustomizer@3e10dc6, org.springframework.boot.test.json.DuplicateJsonObjectContextCustomizerFactory$DuplicateJsonObjectContextCustomizer@62452cc9, org.springframework.boot.test.mock.mockito.MockitoContextCustomizer@0, org.springframework.boot.test.web.client.TestRestTemplateContextCustomizer@62e6b5c8, org.springframework.boot.test.context.SpringBootTestArgs@1, org.springframework.boot.test.context.SpringBootTestWebEnvironment@264f218], resourceBasePath = 'src/main/webapp', contextLoader = 'org.springframework.boot.test.context.SpringBootContextLoader', parent = [null]], attributes = map['org.springframework.test.context.web.ServletTestExecutionListener.activateListener' -> true]], class annotated with @DirtiesContext [false] with mode [null].
16:07:08.470 [Test worker] DEBUG org.springframework.test.context.support.TestPropertySourceUtils - Adding inlined properties to environment: {spring.jmx.enabled=false, org.springframework.boot.test.context.SpringBootTestContextBootstrapper=true}

  .   ____          _            __ _ _
 /\\ / ___'_ __ _ _(_)_ __  __ _ \ \ \ \
( ( )\___ | '_ | '_| | '_ \/ _` | \ \ \ \
 \\/  ___)| |_)| | | | | || (_| |  ) ) ) )
  '  |____| .__|_| |_|_| |_\__, | / / / /
 =========|_|==============|___/=/_/_/_/
 :: Spring Boot ::                (v2.4.4)

2022-07-12 16:07:08.636  INFO 17140 --- [    Test worker] c.api.contacts.ContactsApplicationTests  : Starting ContactsApplicationTests using Java 11.0.15 on LATAM-G2WBLG3 with PID 17140 (started by cristian.cobor in C:\Users\cristian.cobor\Desktop\projects\contacts-api-project\contacts-api)
2022-07-12 16:07:08.638  INFO 17140 --- [    Test worker] c.api.contacts.ContactsApplicationTests  : No active profile set, falling back to default profiles: default
2022-07-12 16:07:09.202  INFO 17140 --- [    Test worker] .s.d.r.c.RepositoryConfigurationDelegate : Bootstrapping Spring Data JPA repositories in DEFAULT mode.
2022-07-12 16:07:09.242  INFO 17140 --- [    Test worker] .s.d.r.c.RepositoryConfigurationDelegate : Finished Spring Data repository scanning in 34 ms. Found 1 JPA repository interfaces.
2022-07-12 16:07:09.588  INFO 17140 --- [    Test worker] com.zaxxer.hikari.HikariDataSource       : HikariPool-1 - Starting...
2022-07-12 16:07:09.730  INFO 17140 --- [    Test worker] com.zaxxer.hikari.HikariDataSource       : HikariPool-1 - Start completed.
2022-07-12 16:07:09.790  INFO 17140 --- [    Test worker] o.hibernate.jpa.internal.util.LogHelper  : HHH000204: Processing PersistenceUnitInfo [name: default]
2022-07-12 16:07:09.837  INFO 17140 --- [    Test worker] org.hibernate.Version                    : HHH000412: Hibernate ORM core version 5.4.29.Final
2022-07-12 16:07:09.962  INFO 17140 --- [    Test worker] o.hibernate.annotations.common.Version   : HCANN000001: Hibernate Commons Annotations {5.1.2.Final}
2022-07-12 16:07:10.039  INFO 17140 --- [    Test worker] org.hibernate.dialect.Dialect            : HHH000400: Using dialect: org.hibernate.dialect.H2Dialect
2022-07-12 16:07:10.436  INFO 17140 --- [    Test worker] o.h.e.t.j.p.i.JtaPlatformInitiator       : HHH000490: Using JtaPlatform implementation: [org.hibernate.engine.transaction.jta.platform.internal.NoJtaPlatform]
2022-07-12 16:07:10.442  INFO 17140 --- [    Test worker] j.LocalContainerEntityManagerFactoryBean : Initialized JPA EntityManagerFactory for persistence unit 'default'
2022-07-12 16:07:10.955  WARN 17140 --- [    Test worker] JpaBaseConfiguration$JpaWebConfiguration : spring.jpa.open-in-view is enabled by default. Therefore, database queries may be performed during view rendering. Explicitly configure spring.jpa.open-in-view to disable this warning
2022-07-12 16:07:11.054  INFO 17140 --- [    Test worker] o.s.b.a.h2.H2ConsoleAutoConfiguration    : H2 console available at '/h2-console'. Database available at 'jdbc:h2:mem:testdb'
2022-07-12 16:07:11.511  INFO 17140 --- [    Test worker] o.s.s.concurrent.ThreadPoolTaskExecutor  : Initializing ExecutorService 'applicationTaskExecutor'
2022-07-12 16:07:11.809  INFO 17140 --- [    Test worker] d.s.w.p.DocumentationPluginsBootstrapper : Context refreshed
2022-07-12 16:07:11.829  INFO 17140 --- [    Test worker] d.s.w.p.DocumentationPluginsBootstrapper : Found 1 custom documentation plugin(s)
2022-07-12 16:07:11.837  INFO 17140 --- [    Test worker] s.d.s.w.s.ApiListingReferenceScanner     : Scanning for api listing references
2022-07-12 16:07:11.977  INFO 17140 --- [    Test worker] c.api.contacts.ContactsApplicationTests  : Started ContactsApplicationTests in 3.503 seconds (JVM running for 4.512)
]]></system-out>
  <system-err><![CDATA[]]></system-err>
</testsuite>
