<?xml version="1.0" encoding="UTF-8"?>
<testsuite name="com.api.contacts.ContactsApplicationTests" tests="1" skipped="0" failures="0" errors="0" timestamp="2022-07-12T19:49:18" hostname="LATAM-G2WBLG3" time="0.13">
  <properties/>
  <testcase name="contextLoads()" classname="com.api.contacts.ContactsApplicationTests" time="0.13"/>
  <system-out><![CDATA[14:49:14.494 [Test worker] DEBUG org.springframework.test.context.BootstrapUtils - Instantiating CacheAwareContextLoaderDelegate from class [org.springframework.test.context.cache.DefaultCacheAwareContextLoaderDelegate]
14:49:14.502 [Test worker] DEBUG org.springframework.test.context.BootstrapUtils - Instantiating BootstrapContext using constructor [public org.springframework.test.context.support.DefaultBootstrapContext(java.lang.Class,org.springframework.test.context.CacheAwareContextLoaderDelegate)]
14:49:14.532 [Test worker] DEBUG org.springframework.test.context.BootstrapUtils - Instantiating TestContextBootstrapper for test class [com.api.contacts.ContactsApplicationTests] from class [org.springframework.boot.test.context.SpringBootTestContextBootstrapper]
14:49:14.540 [Test worker] INFO org.springframework.boot.test.context.SpringBootTestContextBootstrapper - Neither @ContextConfiguration nor @ContextHierarchy found for test class [com.api.contacts.ContactsApplicationTests], using SpringBootContextLoader
14:49:14.543 [Test worker] DEBUG org.springframework.test.context.support.AbstractContextLoader - Did not detect default resource location for test class [com.api.contacts.ContactsApplicationTests]: class path resource [com/api/contacts/ContactsApplicationTests-context.xml] does not exist
14:49:14.543 [Test worker] DEBUG org.springframework.test.context.support.AbstractContextLoader - Did not detect default resource location for test class [com.api.contacts.ContactsApplicationTests]: class path resource [com/api/contacts/ContactsApplicationTestsContext.groovy] does not exist
14:49:14.543 [Test worker] INFO org.springframework.test.context.support.AbstractContextLoader - Could not detect default resource locations for test class [com.api.contacts.ContactsApplicationTests]: no resource found for suffixes {-context.xml, Context.groovy}.
14:49:14.544 [Test worker] INFO org.springframework.test.context.support.AnnotationConfigContextLoaderUtils - Could not detect default configuration classes for test class [com.api.contacts.ContactsApplicationTests]: ContactsApplicationTests does not declare any static, non-private, non-final, nested classes annotated with @Configuration.
14:49:14.590 [Test worker] DEBUG org.springframework.test.context.support.ActiveProfilesUtils - Could not find an 'annotation declaring class' for annotation type [org.springframework.test.context.ActiveProfiles] and class [com.api.contacts.ContactsApplicationTests]
14:49:14.681 [Test worker] DEBUG org.springframework.context.annotation.ClassPathScanningCandidateComponentProvider - Identified candidate component class: file [C:\Users\cristian.cobor\Desktop\projects\contacts-api-project\contacts-api\build\classes\java\main\com\api\contacts\ContactsApplication.class]
14:49:14.682 [Test worker] INFO org.springframework.boot.test.context.SpringBootTestContextBootstrapper - Found @SpringBootConfiguration com.api.contacts.ContactsApplication for test class com.api.contacts.ContactsApplicationTests
14:49:14.745 [Test worker] DEBUG org.springframework.boot.test.context.SpringBootTestContextBootstrapper - @TestExecutionListeners is not present for class [com.api.contacts.ContactsApplicationTests]: using defaults.
14:49:14.745 [Test worker] INFO org.springframework.boot.test.context.SpringBootTestContextBootstrapper - Loaded default TestExecutionListener class names from location [META-INF/spring.factories]: [org.springframework.boot.test.autoconfigure.restdocs.RestDocsTestExecutionListener, org.springframework.boot.test.autoconfigure.web.client.MockRestServiceServerResetTestExecutionListener, org.springframework.boot.test.autoconfigure.web.servlet.MockMvcPrintOnlyOnFailureTestExecutionListener, org.springframework.boot.test.autoconfigure.web.servlet.WebDriverTestExecutionListener, org.springframework.boot.test.autoconfigure.webservices.client.MockWebServiceServerTestExecutionListener, org.springframework.boot.test.mock.mockito.MockitoTestExecutionListener, org.springframework.boot.test.mock.mockito.ResetMocksTestExecutionListener, org.springframework.test.context.web.ServletTestExecutionListener, org.springframework.test.context.support.DirtiesContextBeforeModesTestExecutionListener, org.springframework.test.context.event.ApplicationEventsTestExecutionListener, org.springframework.test.context.support.DependencyInjectionTestExecutionListener, org.springframework.test.context.support.DirtiesContextTestExecutionListener, org.springframework.test.context.transaction.TransactionalTestExecutionListener, org.springframework.test.context.jdbc.SqlScriptsTestExecutionListener, org.springframework.test.context.event.EventPublishingTestExecutionListener]
14:49:14.761 [Test worker] INFO org.springframework.boot.test.context.SpringBootTestContextBootstrapper - Using TestExecutionListeners: [org.springframework.test.context.web.ServletTestExecutionListener@165b2f7f, org.springframework.test.context.support.DirtiesContextBeforeModesTestExecutionListener@5536379e, org.springframework.test.context.event.ApplicationEventsTestExecutionListener@277f7dd3, org.springframework.boot.test.mock.mockito.MockitoTestExecutionListener@6c8bca63, org.springframework.boot.test.autoconfigure.SpringBootDependencyInjectionTestExecutionListener@2364305a, org.springframework.test.context.support.DirtiesContextTestExecutionListener@470a696f, org.springframework.test.context.transaction.TransactionalTestExecutionListener@1bc715b8, org.springframework.test.context.jdbc.SqlScriptsTestExecutionListener@292d1c71, org.springframework.test.context.event.EventPublishingTestExecutionListener@2b491fee, org.springframework.boot.test.autoconfigure.restdocs.RestDocsTestExecutionListener@3f1c5af9, org.springframework.boot.test.autoconfigure.web.client.MockRestServiceServerResetTestExecutionListener@1c55f277, org.springframework.boot.test.autoconfigure.web.servlet.MockMvcPrintOnlyOnFailureTestExecutionListener@5ddabb18, org.springframework.boot.test.autoconfigure.web.servlet.WebDriverTestExecutionListener@3e8f7922, org.springframework.boot.test.autoconfigure.webservices.client.MockWebServiceServerTestExecutionListener@63192798, org.springframework.boot.test.mock.mockito.ResetMocksTestExecutionListener@50eca7c6]
14:49:14.763 [Test worker] DEBUG org.springframework.test.context.support.AbstractDirtiesContextTestExecutionListener - Before test class: context [DefaultTestContext@71ae31b0 testClass = ContactsApplicationTests, testInstance = [null], testMethod = [null], testException = [null], mergedContextConfiguration = [WebMergedContextConfiguration@4ba534b0 testClass = ContactsApplicationTests, locations = '{}', classes = '{class com.api.contacts.ContactsApplication}', contextInitializerClasses = '[]', activeProfiles = '{}', propertySourceLocations = '{}', propertySourceProperties = '{org.springframework.boot.test.context.SpringBootTestContextBootstrapper=true}', contextCustomizers = set[org.springframework.boot.test.autoconfigure.actuate.metrics.MetricsExportContextCustomizerFactory$DisableMetricExportContextCustomizer@7ae42ce3, org.springframework.boot.test.autoconfigure.properties.PropertyMappingContextCustomizer@0, org.springframework.boot.test.autoconfigure.web.servlet.WebDriverContextCustomizerFactory$Customizer@d62fe5b, org.springframework.boot.test.context.filter.ExcludeFilterContextCustomizer@27eedb64, org.springframework.boot.test.json.DuplicateJsonObjectContextCustomizerFactory$DuplicateJsonObjectContextCustomizer@2b76ff4e, org.springframework.boot.test.mock.mockito.MockitoContextCustomizer@0, org.springframework.boot.test.web.client.TestRestTemplateContextCustomizer@34158c08, org.springframework.boot.test.context.SpringBootTestArgs@1, org.springframework.boot.test.context.SpringBootTestWebEnvironment@cad498c], resourceBasePath = 'src/main/webapp', contextLoader = 'org.springframework.boot.test.context.SpringBootContextLoader', parent = [null]], attributes = map['org.springframework.test.context.web.ServletTestExecutionListener.activateListener' -> true]], class annotated with @DirtiesContext [false] with mode [null].
14:49:14.794 [Test worker] DEBUG org.springframework.test.context.support.TestPropertySourceUtils - Adding inlined properties to environment: {spring.jmx.enabled=false, org.springframework.boot.test.context.SpringBootTestContextBootstrapper=true}

  .   ____          _            __ _ _
 /\\ / ___'_ __ _ _(_)_ __  __ _ \ \ \ \
( ( )\___ | '_ | '_| | '_ \/ _` | \ \ \ \
 \\/  ___)| |_)| | | | | || (_| |  ) ) ) )
  '  |____| .__|_| |_|_| |_\__, | / / / /
 =========|_|==============|___/=/_/_/_/
 :: Spring Boot ::                (v2.4.4)

2022-07-12 14:49:15.033  INFO 12064 --- [    Test worker] c.api.contacts.ContactsApplicationTests  : Starting ContactsApplicationTests using Java 18.0.1.1 on LATAM-G2WBLG3 with PID 12064 (started by cristian.cobor in C:\Users\cristian.cobor\Desktop\projects\contacts-api-project\contacts-api)
2022-07-12 14:49:15.035  INFO 12064 --- [    Test worker] c.api.contacts.ContactsApplicationTests  : No active profile set, falling back to default profiles: default
2022-07-12 14:49:15.603  INFO 12064 --- [    Test worker] .s.d.r.c.RepositoryConfigurationDelegate : Bootstrapping Spring Data JPA repositories in DEFAULT mode.
2022-07-12 14:49:15.648  INFO 12064 --- [    Test worker] .s.d.r.c.RepositoryConfigurationDelegate : Finished Spring Data repository scanning in 38 ms. Found 1 JPA repository interfaces.
2022-07-12 14:49:16.077  INFO 12064 --- [    Test worker] com.zaxxer.hikari.HikariDataSource       : HikariPool-1 - Starting...
2022-07-12 14:49:16.197  INFO 12064 --- [    Test worker] com.zaxxer.hikari.HikariDataSource       : HikariPool-1 - Start completed.
2022-07-12 14:49:16.244  INFO 12064 --- [    Test worker] o.hibernate.jpa.internal.util.LogHelper  : HHH000204: Processing PersistenceUnitInfo [name: default]
2022-07-12 14:49:16.289  INFO 12064 --- [    Test worker] org.hibernate.Version                    : HHH000412: Hibernate ORM core version 5.4.29.Final
2022-07-12 14:49:16.383  INFO 12064 --- [    Test worker] o.hibernate.annotations.common.Version   : HCANN000001: Hibernate Commons Annotations {5.1.2.Final}
2022-07-12 14:49:16.452  INFO 12064 --- [    Test worker] org.hibernate.dialect.Dialect            : HHH000400: Using dialect: org.hibernate.dialect.H2Dialect
2022-07-12 14:49:16.875  INFO 12064 --- [    Test worker] o.h.e.t.j.p.i.JtaPlatformInitiator       : HHH000490: Using JtaPlatform implementation: [org.hibernate.engine.transaction.jta.platform.internal.NoJtaPlatform]
2022-07-12 14:49:16.880  INFO 12064 --- [    Test worker] j.LocalContainerEntityManagerFactoryBean : Initialized JPA EntityManagerFactory for persistence unit 'default'
2022-07-12 14:49:17.363  WARN 12064 --- [    Test worker] JpaBaseConfiguration$JpaWebConfiguration : spring.jpa.open-in-view is enabled by default. Therefore, database queries may be performed during view rendering. Explicitly configure spring.jpa.open-in-view to disable this warning
2022-07-12 14:49:17.443  INFO 12064 --- [    Test worker] o.s.b.a.h2.H2ConsoleAutoConfiguration    : H2 console available at '/h2-console'. Database available at 'jdbc:h2:mem:testdb'
2022-07-12 14:49:17.766  INFO 12064 --- [    Test worker] o.s.s.concurrent.ThreadPoolTaskExecutor  : Initializing ExecutorService 'applicationTaskExecutor'
2022-07-12 14:49:17.967  INFO 12064 --- [    Test worker] d.s.w.p.DocumentationPluginsBootstrapper : Context refreshed
2022-07-12 14:49:17.979  INFO 12064 --- [    Test worker] d.s.w.p.DocumentationPluginsBootstrapper : Found 1 custom documentation plugin(s)
2022-07-12 14:49:17.984  INFO 12064 --- [    Test worker] s.d.s.w.s.ApiListingReferenceScanner     : Scanning for api listing references
2022-07-12 14:49:18.087  INFO 12064 --- [    Test worker] c.api.contacts.ContactsApplicationTests  : Started ContactsApplicationTests in 3.288 seconds (JVM running for 4.301)
]]></system-out>
  <system-err><![CDATA[]]></system-err>
</testsuite>
